EventID       Status        Request Time          End Time          Turnaround Time          Pad          
__________________________________________________________________________________________________
3             L             2                     4                 2                        B            
1             D             0                     4                 4                        A            
2             D             0                     8                 8                        A            
5             D             4                     12                8                        A            
10            L             10                    14                4                        A            
4             A             4                     16                12                       B            
7             D             6                     18                12                       A            
9             D             10                    22                12                       A            
11            D             12                    26                14                       A            
6             A             6                     28                22                       B            
16            L             22                    28                6                        A            
13            D             16                    32                16                       A            
14            D             18                    36                18                       A            
8             A             10                    40                30                       B            
15            D             22                    40                18                       A            
20            L             36                    42                6                        B            
21            L             38                    44                6                        A            
17            D             24                    48                24                       A            
18            D             30                    52                22                       A            
12            A             16                    56                40                       B            
19            D             36                    56                20                       A            
25            L             46                    58                12                       B            
28            L             50                    60                10                       A            
22            D             40                    64                24                       A            
33            L             62                    64                2                        B            
23            D             42                    68                26                       A            
24            D             46                    72                26                       A            
34            A             64                    76                12                       B            
26            D             48                    76                28                       A            
27            D             50                    80                30                       A            
43            E             80                    82                2                        B            
29            D             52                    86                34                       A            
30            D             56                    90                34                       A            
48            L             88                    90                2                        B            
31            D             58                    94                36                       A            
50            L             92                    94                2                        B            
32            D             62                    98                36                       A            
54            L             98                    100               2                        B            
35            D             64                    102               38                       A            
36            D             66                    106               40                       A            
37            D             68                    110               42                       A            
60            L             108                   110               2                        B            
38            D             70                    114               44                       A            
63            L             112                   114               2                        B            
39            D             72                    118               46                       A            
